This is XeTeX, Version 3.14159265-2.6-0.999992 (TeX Live 2020/W32TeX) (preloaded format=xelatex 2020.9.12)  12 SEP 2020 20:48
entering extended mode
 restricted \write18 enabled.
 %&-line parsing enabled.
**_main.tex
(./_main.tex
LaTeX2e <2020-02-02> patch level 5
L3 programming layer <2020-09-06> (./krantz.cls
Document Class: krantz 2005/09/16 v1.4f Standard LaTeX document class

(c:/Users/E.Hernando/AppData/Roaming/TinyTeX/texmf-dist/tex/latex/base/bk10.clo
File: bk10.clo 2019/12/20 v1.4l Standard LaTeX file (size option)
)
\trimheight=\dimen134
\trimwidth=\dimen135
\normaltextheight=\dimen136
\tempa=\dimen137
\tempdimen=\dimen138
\htrim=\dimen139
\vtrimtop=\dimen140
\vtrimbot=\dimen141
\ul@box=\box45
\ur@box=\box46
\ll@box=\box47
\lr@box=\box48
\@cipboxa=\box49
\@cipboxb=\box50
\@ciprulewidth=\dimen142
\c@part=\count164
\c@chapter=\count165
\c@section=\count166
\c@subsection=\count167
\c@subsubsection=\count168
\c@paragraph=\count169
\c@subparagraph=\count170
\secwd=\dimen143
\subsecwd=\dimen144
\subsubsecwd=\dimen145
\c@figure=\count171
\c@table=\count172
\abovecaptionskip=\skip47
\belowcaptionskip=\skip48
\c@numauthors=\count173
\section@toc@skip=\skip49
\SectionTOCWidth=\skip50
\subsection@toc@skip=\skip51
\SubSectionTOCWidth=\skip52
\subsubsection@toc@skip=\skip53
\SubSubSectionTOCWidth=\skip54
\paragraph@toc@skip=\skip55
\ParagraphTOCWidth=\skip56
\subparagraph@toc@skip=\skip57
\@AUonebox=\box51
\@AUtwobox=\box52
\@AUthreebox=\box53
\@AUfourbox=\box54
\@AUaffonebox=\box55
\@AUafftwobox=\box56
\@AUaffthreebox=\box57
\@AUafffourbox=\box58
\@finalAUboxfromone=\box59
\@finalAUboxfromtwo=\box60
\@finalAUboxfromthree=\box61
\@finalAUboxfromfour=\box62
\c@chaptocdepth=\count174
\bibindent=\dimen146
\tempbox=\box63
\nomenwidth=\dimen147
\@tablebox=\box64
\@tabletitlebox=\box65
\@tablewidth=\dimen148
\@tabletitlewidth=\dimen149
\max@tablewidth=\dimen150
\tempbox=\box66
\tempdimen=\dimen151
\tempbox=\box67
\notewidth=\dimen152
\wherebox=\box68
\wherewidth=\dimen153
\listtextleftmargin=\skip58
\listtextleftmarginii=\skip59
\listtextleftmarginiii=\skip60
\listtextrightmargin=\skip61
\listlabelleftskip=\skip62
\listlabelleftskipii=\skip63
\listlabelleftskipiii=\skip64
\abovelistskipi=\skip65
\belowlistskipi=\skip66
\abovelistskipii=\skip67
\belowlistskipii=\skip68
\abovelistskipiii=\skip69
\belowlistskipiii=\skip70
\labelsepi=\skip71
\labelsepii=\skip72
\labelsepiii=\skip73
\itemsepi=\skip74
\itemsepii=\skip75
\itemsepiii=\skip76
\enumdimwd=\dimen154
\enumdim=\dimen155
\concolwidth=\dimen156
\stempbox=\box69
)
(c:/Users/E.Hernando/AppData/Roaming/TinyTeX/texmf-dist/tex/latex/lm/lmodern.st
y
Package: lmodern 2009/10/30 v1.6 Latin Modern Fonts
LaTeX Font Info:    Overwriting symbol font `operators' in version `normal'
(Font)                  OT1/cmr/m/n --> OT1/lmr/m/n on input line 22.
LaTeX Font Info:    Overwriting symbol font `letters' in version `normal'
(Font)                  OML/cmm/m/it --> OML/lmm/m/it on input line 23.
LaTeX Font Info:    Overwriting symbol font `symbols' in version `normal'
(Font)                  OMS/cmsy/m/n --> OMS/lmsy/m/n on input line 24.
LaTeX Font Info:    Overwriting symbol font `largesymbols' in version `normal'
(Font)                  OMX/cmex/m/n --> OMX/lmex/m/n on input line 25.
LaTeX Font Info:    Overwriting symbol font `operators' in version `bold'
(Font)                  OT1/cmr/bx/n --> OT1/lmr/bx/n on input line 26.
LaTeX Font Info:    Overwriting symbol font `letters' in version `bold'
(Font)                  OML/cmm/b/it --> OML/lmm/b/it on input line 27.
LaTeX Font Info:    Overwriting symbol font `symbols' in version `bold'
(Font)                  OMS/cmsy/b/n --> OMS/lmsy/b/n on input line 28.
LaTeX Font Info:    Overwriting symbol font `largesymbols' in version `bold'
(Font)                  OMX/cmex/m/n --> OMX/lmex/m/n on input line 29.
LaTeX Font Info:    Overwriting math alphabet `\mathbf' in version `normal'
(Font)                  OT1/cmr/bx/n --> OT1/lmr/bx/n on input line 31.
LaTeX Font Info:    Overwriting math alphabet `\mathsf' in version `normal'
(Font)                  OT1/cmss/m/n --> OT1/lmss/m/n on input line 32.
LaTeX Font Info:    Overwriting math alphabet `\mathit' in version `normal'
(Font)                  OT1/cmr/m/it --> OT1/lmr/m/it on input line 33.
LaTeX Font Info:    Overwriting math alphabet `\mathtt' in version `normal'
(Font)                  OT1/cmtt/m/n --> OT1/lmtt/m/n on input line 34.
LaTeX Font Info:    Overwriting math alphabet `\mathbf' in version `bold'
(Font)                  OT1/cmr/bx/n --> OT1/lmr/bx/n on input line 35.
LaTeX Font Info:    Overwriting math alphabet `\mathsf' in version `bold'
(Font)                  OT1/cmss/bx/n --> OT1/lmss/bx/n on input line 36.
LaTeX Font Info:    Overwriting math alphabet `\mathit' in version `bold'
(Font)                  OT1/cmr/bx/it --> OT1/lmr/bx/it on input line 37.
LaTeX Font Info:    Overwriting math alphabet `\mathtt' in version `bold'
(Font)                  OT1/cmtt/m/n --> OT1/lmtt/m/n on input line 38.
)
(c:/Users/E.Hernando/AppData/Roaming/TinyTeX/texmf-dist/tex/latex/amsfonts/amss
ymb.sty
Package: amssymb 2013/01/14 v3.01 AMS font symbols

(c:/Users/E.Hernando/AppData/Roaming/TinyTeX/texmf-dist/tex/latex/amsfonts/amsf
onts.sty
Package: amsfonts 2013/01/14 v3.01 Basic AMSFonts support
\@emptytoks=\toks15
\symAMSa=\mathgroup4
\symAMSb=\mathgroup5
LaTeX Font Info:    Redeclaring math symbol \hbar on input line 98.
LaTeX Font Info:    Overwriting math alphabet `\mathfrak' in version `bold'
(Font)                  U/euf/m/n --> U/euf/b/n on input line 106.
))
(c:/Users/E.Hernando/AppData/Roaming/TinyTeX/texmf-dist/tex/latex/amsmath/amsma
th.sty
Package: amsmath 2020/01/20 v2.17e AMS math features
\@mathmargin=\skip77
For additional information on amsmath, use the `?' option.

(c:/Users/E.Hernando/AppData/Roaming/TinyTeX/texmf-dist/tex/latex/amsmath/amste
xt.sty
Package: amstext 2000/06/29 v2.01 AMS text

(c:/Users/E.Hernando/AppData/Roaming/TinyTeX/texmf-dist/tex/latex/amsmath/amsge
n.sty
File: amsgen.sty 1999/11/30 v2.0 generic functions
\@emptytoks=\toks16
\ex@=\dimen157
))
(c:/Users/E.Hernando/AppData/Roaming/TinyTeX/texmf-dist/tex/latex/amsmath/amsbs
y.sty
Package: amsbsy 1999/11/29 v1.2d Bold Symbols
\pmbraise@=\dimen158
)
(c:/Users/E.Hernando/AppData/Roaming/TinyTeX/texmf-dist/tex/latex/amsmath/amsop
n.sty
Package: amsopn 2016/03/08 v2.02 operator names
)
\inf@bad=\count175
LaTeX Info: Redefining \frac on input line 227.
\uproot@=\count176
\leftroot@=\count177
LaTeX Info: Redefining \overline on input line 389.
\classnum@=\count178
\DOTSCASE@=\count179
LaTeX Info: Redefining \ldots on input line 486.
LaTeX Info: Redefining \dots on input line 489.
LaTeX Info: Redefining \cdots on input line 610.
\Mathstrutbox@=\box70
\strutbox@=\box71
\big@size=\dimen159
LaTeX Font Info:    Redeclaring font encoding OML on input line 733.
LaTeX Font Info:    Redeclaring font encoding OMS on input line 734.
\macc@depth=\count180
\c@MaxMatrixCols=\count181
\dotsspace@=\muskip16
\c@parentequation=\count182
\dspbrk@lvl=\count183
\tag@help=\toks17
\row@=\count184
\column@=\count185
\maxfields@=\count186
\andhelp@=\toks18
\eqnshift@=\dimen160
\alignsep@=\dimen161
\tagshift@=\dimen162
\tagwidth@=\dimen163
\totwidth@=\dimen164
\lineht@=\dimen165
\@envbody=\toks19
\multlinegap=\skip78
\multlinetaggap=\skip79
\mathdisplay@stack=\toks20
LaTeX Info: Redefining \[ on input line 2859.
LaTeX Info: Redefining \] on input line 2860.
)
(c:/Users/E.Hernando/AppData/Roaming/TinyTeX/texmf-dist/tex/generic/iftex/ifxet
ex.sty
Package: ifxetex 2019/10/25 v0.7 ifxetex legacy package. Use iftex instead.

(c:/Users/E.Hernando/AppData/Roaming/TinyTeX/texmf-dist/tex/generic/iftex/iftex
.sty
Package: iftex 2020/03/06 v1.0d TeX engine tests
))
(c:/Users/E.Hernando/AppData/Roaming/TinyTeX/texmf-dist/tex/generic/iftex/iflua
tex.sty
Package: ifluatex 2019/10/25 v1.5 ifluatex legacy package. Use iftex instead.
)
(c:/Users/E.Hernando/AppData/Roaming/TinyTeX/texmf-dist/tex/latex/unicode-math/
unicode-math.sty
(c:/Users/E.Hernando/AppData/Roaming/TinyTeX/texmf-dist/tex/latex/l3kernel/expl
3.sty
Package: expl3 2020-09-06 L3 programming layer (loader) 

(c:/Users/E.Hernando/AppData/Roaming/TinyTeX/texmf-dist/tex/latex/l3backend/l3b
ackend-xetex.def
File: l3backend-xetex.def 2020-09-11 L3 backend support: XeTeX
\g__graphics_track_int=\count187
\l__pdf_internal_box=\box72
\g__pdf_backend_object_int=\count188
\g__pdf_backend_annotation_int=\count189
))
Package: unicode-math 2020/01/31 v0.8q Unicode maths in XeLaTeX and LuaLaTeX

(c:/Users/E.Hernando/AppData/Roaming/TinyTeX/texmf-dist/tex/latex/unicode-math/
unicode-math-xetex.sty
Package: unicode-math-xetex 2020/01/31 v0.8q Unicode maths in XeLaTeX and LuaLa
TeX

(c:/Users/E.Hernando/AppData/Roaming/TinyTeX/texmf-dist/tex/latex/l3packages/xp
arse/xparse.sty
Package: xparse 2020-05-15 L3 Experimental document command parser

(c:/Users/E.Hernando/AppData/Roaming/TinyTeX/texmf-dist/tex/latex/l3packages/xp
arse/xparse-generic.tex
\l__xparse_current_arg_int=\count190
\g__xparse_grabber_int=\count191
\l__xparse_m_args_int=\count192
\l__xparse_v_nesting_int=\count193
))
(c:/Users/E.Hernando/AppData/Roaming/TinyTeX/texmf-dist/tex/latex/l3packages/l3
keys2e/l3keys2e.sty
Package: l3keys2e 2020-05-15 LaTeX2e option processing using LaTeX3 keys
)
(c:/Users/E.Hernando/AppData/Roaming/TinyTeX/texmf-dist/tex/latex/fontspec/font
spec.sty
Package: fontspec 2020/02/21 v2.7i Font selection for XeLaTeX and LuaLaTeX

(c:/Users/E.Hernando/AppData/Roaming/TinyTeX/texmf-dist/tex/latex/fontspec/font
spec-xetex.sty
Package: fontspec-xetex 2020/02/21 v2.7i Font selection for XeLaTeX and LuaLaTe
X
\l__fontspec_script_int=\count194
\l__fontspec_language_int=\count195
\l__fontspec_strnum_int=\count196
\l__fontspec_tmp_int=\count197
\l__fontspec_tmpa_int=\count198
\l__fontspec_tmpb_int=\count199
\l__fontspec_tmpc_int=\count266
\l__fontspec_em_int=\count267
\l__fontspec_emdef_int=\count268
\l__fontspec_strong_int=\count269
\l__fontspec_strongdef_int=\count270
\l__fontspec_tmpa_dim=\dimen166
\l__fontspec_tmpb_dim=\dimen167
\l__fontspec_tmpc_dim=\dimen168

(c:/Users/E.Hernando/AppData/Roaming/TinyTeX/texmf-dist/tex/latex/base/fontenc.
sty
Package: fontenc 2020/02/11 v2.0o Standard LaTeX package
)
(c:/Users/E.Hernando/AppData/Roaming/TinyTeX/texmf-dist/tex/latex/fontspec/font
spec.cfg)))
(c:/Users/E.Hernando/AppData/Roaming/TinyTeX/texmf-dist/tex/latex/base/fix-cm.s
ty
Package: fix-cm 2015/01/14 v1.1t fixes to LaTeX

(c:/Users/E.Hernando/AppData/Roaming/TinyTeX/texmf-dist/tex/latex/base/ts1enc.d
ef
File: ts1enc.def 2001/06/05 v3.0e (jk/car/fm) Standard LaTeX file
LaTeX Font Info:    Redeclaring font encoding TS1 on input line 47.
))
\g__um_fam_int=\count271
\g__um_fonts_used_int=\count272
\l__um_primecount_int=\count273
\g__um_primekern_muskip=\muskip17

(c:/Users/E.Hernando/AppData/Roaming/TinyTeX/texmf-dist/tex/latex/unicode-math/
unicode-math-table.tex)))
(c:/Users/E.Hernando/AppData/Roaming/TinyTeX/texmf-dist/tex/latex/microtype/mic
rotype.sty
Package: microtype 2019/11/18 v2.7d Micro-typographical refinements (RS)

(c:/Users/E.Hernando/AppData/Roaming/TinyTeX/texmf-dist/tex/latex/graphics/keyv
al.sty
Package: keyval 2014/10/28 v1.15 key=value parser (DPC)
\KV@toks@=\toks21
)
\MT@toks=\toks22
\MT@count=\count274
LaTeX Info: Redefining \textls on input line 790.
\MT@outer@kern=\dimen169
LaTeX Info: Redefining \textmicrotypecontext on input line 1354.
\MT@listname@count=\count275

(c:/Users/E.Hernando/AppData/Roaming/TinyTeX/texmf-dist/tex/latex/microtype/mic
rotype-xetex.def
File: microtype-xetex.def 2019/11/18 v2.7d Definitions specific to xetex (RS)
LaTeX Info: Redefining \lsstyle on input line 258.
)
Package microtype Info: Loading configuration file microtype.cfg.

(c:/Users/E.Hernando/AppData/Roaming/TinyTeX/texmf-dist/tex/latex/microtype/mic
rotype.cfg
File: microtype.cfg 2019/11/18 v2.7d microtype main configuration file (RS)
))
(c:/Users/E.Hernando/AppData/Roaming/TinyTeX/texmf-dist/tex/latex/parskip/parsk
ip.sty
Package: parskip 2020-06-15 v2.0f non-zero parskip adjustments

(c:/Users/E.Hernando/AppData/Roaming/TinyTeX/texmf-dist/tex/latex/kvoptions/kvo
ptions.sty
Package: kvoptions 2019/11/29 v3.13 Key value format for package options (HO)

(c:/Users/E.Hernando/AppData/Roaming/TinyTeX/texmf-dist/tex/generic/ltxcmds/ltx
cmds.sty
Package: ltxcmds 2019/12/15 v1.24 LaTeX kernel commands for general use (HO)
)
(c:/Users/E.Hernando/AppData/Roaming/TinyTeX/texmf-dist/tex/generic/kvsetkeys/k
vsetkeys.sty
Package: kvsetkeys 2019/12/15 v1.18 Key value parser (HO)
))
(c:/Users/E.Hernando/AppData/Roaming/TinyTeX/texmf-dist/tex/latex/etoolbox/etoo
lbox.sty
Package: etoolbox 2020/08/24 v2.5j e-TeX tools for LaTeX (JAW)
\etb@tempcnta=\count276
))
(c:/Users/E.Hernando/AppData/Roaming/TinyTeX/texmf-dist/tex/latex/xcolor/xcolor
.sty
Package: xcolor 2016/05/11 v2.12 LaTeX color extensions (UK)

(c:/Users/E.Hernando/AppData/Roaming/TinyTeX/texmf-dist/tex/latex/graphics-cfg/
color.cfg
File: color.cfg 2016/01/02 v1.6 sample color configuration
)
Package xcolor Info: Driver file: xetex.def on input line 225.

(c:/Users/E.Hernando/AppData/Roaming/TinyTeX/texmf-dist/tex/latex/graphics-def/
xetex.def
File: xetex.def 2020/08/26 v5.0i Graphics/color driver for xetex
)
Package xcolor Info: Model `cmy' substituted by `cmy0' on input line 1348.
Package xcolor Info: Model `RGB' extended on input line 1364.
Package xcolor Info: Model `HTML' substituted by `rgb' on input line 1366.
Package xcolor Info: Model `Hsb' substituted by `hsb' on input line 1367.
Package xcolor Info: Model `tHsb' substituted by `hsb' on input line 1368.
Package xcolor Info: Model `HSB' substituted by `hsb' on input line 1369.
Package xcolor Info: Model `Gray' substituted by `gray' on input line 1370.
Package xcolor Info: Model `wave' substituted by `hsb' on input line 1371.
)
(c:/Users/E.Hernando/AppData/Roaming/TinyTeX/texmf-dist/tex/latex/hyperref/hype
rref.sty
Package: hyperref 2020-05-15 v7.00e Hypertext links for LaTeX

(c:/Users/E.Hernando/AppData/Roaming/TinyTeX/texmf-dist/tex/generic/pdftexcmds/
pdftexcmds.sty
Package: pdftexcmds 2020-06-27 v0.33 Utility functions of pdfTeX for LuaTeX (HO
)

(c:/Users/E.Hernando/AppData/Roaming/TinyTeX/texmf-dist/tex/generic/infwarerr/i
nfwarerr.sty
Package: infwarerr 2019/12/03 v1.5 Providing info/warning/error messages (HO)
)
Package pdftexcmds Info: \pdf@primitive is available.
Package pdftexcmds Info: \pdf@ifprimitive is available.
Package pdftexcmds Info: \pdfdraftmode not found.
)
(c:/Users/E.Hernando/AppData/Roaming/TinyTeX/texmf-dist/tex/generic/kvdefinekey
s/kvdefinekeys.sty
Package: kvdefinekeys 2019-12-19 v1.6 Define keys (HO)
)
(c:/Users/E.Hernando/AppData/Roaming/TinyTeX/texmf-dist/tex/generic/pdfescape/p
dfescape.sty
Package: pdfescape 2019/12/09 v1.15 Implements pdfTeX's escape features (HO)
)
(c:/Users/E.Hernando/AppData/Roaming/TinyTeX/texmf-dist/tex/latex/hycolor/hycol
or.sty
Package: hycolor 2020-01-27 v1.10 Color options for hyperref/bookmark (HO)
)
(c:/Users/E.Hernando/AppData/Roaming/TinyTeX/texmf-dist/tex/latex/letltxmacro/l
etltxmacro.sty
Package: letltxmacro 2019/12/03 v1.6 Let assignment for LaTeX macros (HO)
)
(c:/Users/E.Hernando/AppData/Roaming/TinyTeX/texmf-dist/tex/latex/auxhook/auxho
ok.sty
Package: auxhook 2019-12-17 v1.6 Hooks for auxiliary files (HO)
)
\@linkdim=\dimen170
\Hy@linkcounter=\count277
\Hy@pagecounter=\count278

(c:/Users/E.Hernando/AppData/Roaming/TinyTeX/texmf-dist/tex/latex/hyperref/pd1e
nc.def
File: pd1enc.def 2020-05-15 v7.00e Hyperref: PDFDocEncoding definition (HO)
)
(c:/Users/E.Hernando/AppData/Roaming/TinyTeX/texmf-dist/tex/generic/intcalc/int
calc.sty
Package: intcalc 2019/12/15 v1.3 Expandable calculations with integers (HO)
)
(c:/Users/E.Hernando/AppData/Roaming/TinyTeX/texmf-dist/tex/generic/etexcmds/et
excmds.sty
Package: etexcmds 2019/12/15 v1.7 Avoid name clashes with e-TeX commands (HO)
)
\Hy@SavedSpaceFactor=\count279
Package hyperref Info: Option `unicode' set `true' on input line 4338.

(c:/Users/E.Hernando/AppData/Roaming/TinyTeX/texmf-dist/tex/latex/hyperref/puen
c.def
File: puenc.def 2020-05-15 v7.00e Hyperref: PDF Unicode definition (HO)
)
Package hyperref Info: Hyper figures OFF on input line 4464.
Package hyperref Info: Link nesting OFF on input line 4469.
Package hyperref Info: Hyper index ON on input line 4472.
Package hyperref Info: Plain pages OFF on input line 4479.
Package hyperref Info: Backreferencing OFF on input line 4484.
Package hyperref Info: Implicit mode ON; LaTeX internals redefined.
Package hyperref Info: Bookmarks ON on input line 4717.
\c@Hy@tempcnt=\count280
(c:/Users/E.Hernando/AppData/Roaming/TinyTeX/texmf-dist/tex/latex/url/url.sty
\Urlmuskip=\muskip18
Package: url 2013/09/16  ver 3.4  Verb mode for urls, etc.
)
LaTeX Info: Redefining \url on input line 5076.
\XeTeXLinkMargin=\dimen171

(c:/Users/E.Hernando/AppData/Roaming/TinyTeX/texmf-dist/tex/generic/bitset/bits
et.sty
Package: bitset 2019/12/09 v1.3 Handle bit-vector datatype (HO)

(c:/Users/E.Hernando/AppData/Roaming/TinyTeX/texmf-dist/tex/generic/bigintcalc/
bigintcalc.sty
Package: bigintcalc 2019/12/15 v1.5 Expandable calculations on big integers (HO
)
))
\Fld@menulength=\count281
\Field@Width=\dimen172
\Fld@charsize=\dimen173
Package hyperref Info: Hyper figures OFF on input line 6347.
Package hyperref Info: Link nesting OFF on input line 6352.
Package hyperref Info: Hyper index ON on input line 6355.
Package hyperref Info: backreferencing OFF on input line 6362.
Package hyperref Info: Link coloring OFF on input line 6367.
Package hyperref Info: Link coloring with OCG OFF on input line 6372.
Package hyperref Info: PDF/A mode OFF on input line 6377.
LaTeX Info: Redefining \ref on input line 6417.
LaTeX Info: Redefining \pageref on input line 6421.

(c:/Users/E.Hernando/AppData/Roaming/TinyTeX/texmf-dist/tex/generic/atbegshi/at
begshi.sty
Package: atbegshi 2019/12/05 v1.19 At begin shipout hook (HO)
)
\Hy@abspage=\count282
\c@Item=\count283
\c@Hfootnote=\count284
)
Package hyperref Info: Driver (autodetected): hxetex.

(c:/Users/E.Hernando/AppData/Roaming/TinyTeX/texmf-dist/tex/latex/hyperref/hxet
ex.def
File: hxetex.def 2020-05-15 v7.00e Hyperref driver for XeTeX

(c:/Users/E.Hernando/AppData/Roaming/TinyTeX/texmf-dist/tex/generic/stringenc/s
tringenc.sty
Package: stringenc 2019/11/29 v1.12 Convert strings between diff. encodings (HO
)
)
\pdfm@box=\box73
\c@Hy@AnnotLevel=\count285
\HyField@AnnotCount=\count286
\Fld@listcount=\count287
\c@bookmark@seq@number=\count288

(c:/Users/E.Hernando/AppData/Roaming/TinyTeX/texmf-dist/tex/latex/rerunfilechec
k/rerunfilecheck.sty
Package: rerunfilecheck 2019/12/05 v1.9 Rerun checks for auxiliary files (HO)

(c:/Users/E.Hernando/AppData/Roaming/TinyTeX/texmf-dist/tex/latex/atveryend/atv
eryend.sty
Package: atveryend 2019-12-11 v1.11 Hooks at the very end of document (HO)
)
(c:/Users/E.Hernando/AppData/Roaming/TinyTeX/texmf-dist/tex/generic/uniquecount
er/uniquecounter.sty
Package: uniquecounter 2019/12/15 v1.4 Provide unlimited unique counter (HO)
)
Package uniquecounter Info: New unique counter `rerunfilecheck' on input line 2
86.
)
\Hy@SectionHShift=\skip80
)
(c:/Users/E.Hernando/AppData/Roaming/TinyTeX/texmf-dist/tex/latex/fancyvrb/fanc
yvrb.sty
Package: fancyvrb 2020/05/03 v3.6 verbatim text (tvz,hv)
\FV@CodeLineNo=\count289
\FV@InFile=\read2
\FV@TabBox=\box74
\c@FancyVerbLine=\count290
\FV@StepNumber=\count291
\FV@OutFile=\write3
)
(c:/Users/E.Hernando/AppData/Roaming/TinyTeX/texmf-dist/tex/latex/framed/framed
.sty
Package: framed 2011/10/22 v 0.96: framed or shaded text with page breaks
\OuterFrameSep=\skip81
\fb@frw=\dimen174
\fb@frh=\dimen175
\FrameRule=\dimen176
\FrameSep=\dimen177
)
(c:/Users/E.Hernando/AppData/Roaming/TinyTeX/texmf-dist/tex/latex/tools/longtab
le.sty
Package: longtable 2020/01/07 v4.13 Multi-page Table package (DPC)
\LTleft=\skip82
\LTright=\skip83
\LTpre=\skip84
\LTpost=\skip85
\LTchunksize=\count292
\LTcapwidth=\dimen178
\LT@head=\box75
\LT@firsthead=\box76
\LT@foot=\box77
\LT@lastfoot=\box78
\LT@cols=\count293
\LT@rows=\count294
\c@LT@tables=\count295
\c@LT@chunks=\count296
\LT@p@ftn=\toks23
)
(c:/Users/E.Hernando/AppData/Roaming/TinyTeX/texmf-dist/tex/latex/booktabs/book
tabs.sty
Package: booktabs 2020/01/12 v1.61803398 Publication quality tables
\heavyrulewidth=\dimen179
\lightrulewidth=\dimen180
\cmidrulewidth=\dimen181
\belowrulesep=\dimen182
\belowbottomsep=\dimen183
\aboverulesep=\dimen184
\abovetopsep=\dimen185
\cmidrulesep=\dimen186
\cmidrulekern=\dimen187
\defaultaddspace=\dimen188
\@cmidla=\count297
\@cmidlb=\count298
\@aboverulesep=\dimen189
\@belowrulesep=\dimen190
\@thisruleclass=\count299
\@lastruleclass=\count300
\@thisrulewidth=\dimen191
)
(c:/Users/E.Hernando/AppData/Roaming/TinyTeX/texmf-dist/tex/latex/mdwtools/foot
note.sty
Package: footnote 1997/01/28 1.13 Save footnotes around boxes
\fn@notes=\box79
\fn@width=\dimen192
)
(c:/Users/E.Hernando/AppData/Roaming/TinyTeX/texmf-dist/tex/latex/graphics/grap
hicx.sty
Package: graphicx 2019/11/30 v1.2a Enhanced LaTeX Graphics (DPC,SPQR)

(c:/Users/E.Hernando/AppData/Roaming/TinyTeX/texmf-dist/tex/latex/graphics/grap
hics.sty
Package: graphics 2019/11/30 v1.4a Standard LaTeX Graphics (DPC,SPQR)

(c:/Users/E.Hernando/AppData/Roaming/TinyTeX/texmf-dist/tex/latex/graphics/trig
.sty
Package: trig 2016/01/03 v1.10 sin cos tan (DPC)
)
(c:/Users/E.Hernando/AppData/Roaming/TinyTeX/texmf-dist/tex/latex/graphics-cfg/
graphics.cfg
File: graphics.cfg 2016/06/04 v1.11 sample graphics configuration
)
Package graphics Info: Driver file: xetex.def on input line 105.
)
\Gin@req@height=\dimen193
\Gin@req@width=\dimen194
)
(c:/Users/E.Hernando/AppData/Roaming/TinyTeX/texmf-dist/tex/latex/grffile/grffi
le.sty
Package: grffile 2019/11/11 v2.1 Extended file name support for graphics (legac
y)
Package grffile Info: This package is an empty stub for compatibility on input 
line 40.
)
(c:/Users/E.Hernando/AppData/Roaming/TinyTeX/texmf-dist/tex/xelatex/xltxtra/xlt
xtra.sty
Package: xltxtra 2018/12/31 v0.7 Improvements for the "XeLaTeX" format

(c:/Users/E.Hernando/AppData/Roaming/TinyTeX/texmf-dist/tex/latex/realscripts/r
ealscripts.sty
Package: realscripts 2016/02/13 v0.3d Access OpenType subscripts and superscrip
ts
\subsupersep=\dimen195
)
(c:/Users/E.Hernando/AppData/Roaming/TinyTeX/texmf-dist/tex/latex/metalogo/meta
logo.sty
Package: metalogo 2010/05/29 v0.12 Extended TeX logo macros
\xl@everylogo=\toks24
\xl@@everylogo=\toks25
LaTeX Info: Redefining \TeX on input line 193.
LaTeX Info: Redefining \LaTeX on input line 202.
LaTeX Info: Redefining \LaTeXe on input line 219.
)
\l__xetex_show_hyphens_wrapping_box=\box80
\l__xetex_show_hyphens_temp_box=\box81
\l__xetex_show_hyphens_final_box=\box82
\g__xetex_show_hyphens_word_box=\box83
)
(c:/Users/E.Hernando/AppData/Roaming/TinyTeX/texmf-dist/tex/xelatex/xunicode/xu
nicode.sty
File: xunicode.sty 2011/09/09 v0.981 provides access to latin accents and many 
other characters in Unicode lower plane

(c:/Users/E.Hernando/AppData/Roaming/TinyTeX/texmf-dist/tex/latex/tipa/t3enc.de
f
File: t3enc.def 2001/12/31 T3 encoding
)
\tipaTiiicode=\count301
\tipasavetokens=\toks26
\tipachecktokens=\toks27
)
(c:/Users/E.Hernando/AppData/Roaming/TinyTeX/texmf-dist/tex/latex/inconsolata/i
nconsolata.fontspec)

! Package fontspec Error: The font "Inconsolata" cannot be found.

For immediate help type H <return>.
 ...                                              
                                                  
l.129 
       
Here is how much of TeX's memory you used:
 20966 strings out of 481674
 363740 string characters out of 5931186
 725960 words of memory out of 5000000
 37902 multiletter control sequences out of 15000+600000
 535488 words of font info for 35 fonts, out of 8000000 for 9000
 14 hyphenation exceptions out of 8191
 52i,0n,50p,804b,268s stack positions out of 5000i,500n,10000p,200000b,80000s

No pages of output.

! name = Inconsolata, rootname = Inconsolata, pointsize = 
! mktexmf: empty or non-existent rootfile!

! kpathsea: Running mktexmf Inconsolata.mf

! The command name is C:\Users\E.Hernando\AppData\Roaming\TinyTeX\bin\win32\mktexmf
! Cannot find Inconsolata.mf.

! kpathsea: Running mktextfm Inconsolata

! The command name is C:\Users\E.Hernando\AppData\Roaming\TinyTeX\bin\win32\mktextfm
! kpathsea: Appending font creation commands to missfont.log.
